<?xml version="1.0" encoding="UTF-8"?>
<!-- Generated by org.testng.reporters.JUnitReportReporter -->
<testsuite hostname="DESKTOP-64VRLD2" failures="0" tests="3" name="learn2.madhunew.practise" time="0.008" errors="0" timestamp="2022-07-07T16:57:23 IST" skipped="0">
  <testcase classname="learn2.madhunew.practise" name="Z" time="0.005"/>
  <system-out/>
  <testcase classname="learn2.madhunew.practise" name="testMethodA" time="0.002"/>
  <system-out/>
  <testcase classname="learn2.madhunew.practise" name="testMethodC" time="0.001"/>
  <system-out/>
</testsuite> <!-- learn2.madhunew.practise -->
