<?xml version="1.0" encoding="UTF-8"?>
<!-- Generated by org.testng.reporters.JUnitReportReporter -->
<testsuite hostname="DESKTOP-64VRLD2" failures="0" tests="1" name="learn2.madhunew.select" time="12.283" errors="0" timestamp="2022-07-05T21:49:04 IST" skipped="0">
  <testcase classname="learn2.madhunew.select" name="sel_deSel" time="12.283"/>
  <system-out/>
</testsuite> <!-- learn2.madhunew.select -->
