<?xml version="1.0" encoding="UTF-8"?>
<!-- Generated by org.testng.reporters.JUnitReportReporter -->
<testsuite hostname="DESKTOP-64VRLD2" failures="0" tests="1" name="TestClass.page_actions" time="9.474" errors="0" timestamp="2022-07-07T21:44:13 IST" skipped="0">
  <testcase classname="TestClass.page_actions" name="move_ele" time="9.474"/>
  <system-out/>
</testsuite> <!-- TestClass.page_actions -->
