<?xml version="1.0" encoding="UTF-8"?>
<!-- Generated by org.testng.reporters.JUnitReportReporter -->
<testsuite skipped="0" hostname="DESKTOP-64VRLD2" name="learn2.madhunew.windowhandle2" tests="1" failures="0" timestamp="2021-08-09T16:36:49 IST" time="0.008" errors="0">
  <testcase name="readprop" time="0.008" classname="learn2.madhunew.windowhandle2"/>
  <system-out/>
</testsuite> <!-- learn2.madhunew.windowhandle2 -->
