<?xml version="1.0" encoding="UTF-8"?>
<!-- Generated by org.testng.reporters.JUnitReportReporter -->
<testsuite skipped="0" hostname="DESKTOP-64VRLD2" name="learn2.madhunew.windowhandle" tests="1" failures="0" timestamp="2021-09-13T20:31:44 IST" time="18.382" errors="0">
  <testcase name="getwindow" time="18.382" classname="learn2.madhunew.windowhandle"/>
  <system-out/>
</testsuite> <!-- learn2.madhunew.windowhandle -->
