<?xml version="1.0" encoding="UTF-8"?>
<!-- Generated by org.testng.reporters.JUnitReportReporter -->
<testsuite hostname="DESKTOP-64VRLD2" failures="0" tests="3" name="TestClass.DataProviderTest" time="11.554" errors="0" timestamp="05 Feb 2024 12:57:46 GMT" skipped="0">
  <testcase classname="TestClass.DataProviderTest" name="TestChrome" time="5.217"/>
  <testcase classname="TestClass.DataProviderTest" name="TestChrome" time="3.848"/>
  <testcase classname="TestClass.DataProviderTest" name="TestChrome" time="2.489"/>
</testsuite> <!-- TestClass.DataProviderTest -->
