<?xml version="1.0" encoding="UTF-8"?>
<!-- Generated by org.testng.reporters.JUnitReportReporter -->
<testsuite hostname="DESKTOP-64VRLD2" failures="0" tests="2" name="learn2.madhunew.LaunchBrowser2" time="0.006" errors="0" timestamp="2022-06-21T21:07:51 IST" skipped="0">
  <testcase classname="learn2.madhunew.LaunchBrowser2" name="test02" time="0.005"/>
  <system-out/>
  <testcase classname="learn2.madhunew.LaunchBrowser2" name="login" time="0.001"/>
  <system-out/>
</testsuite> <!-- learn2.madhunew.LaunchBrowser2 -->
