<?xml version="1.0" encoding="UTF-8"?>
<!-- Generated by org.testng.reporters.JUnitReportReporter -->
<testsuite hostname="DESKTOP-64VRLD2" failures="0" tests="1" name="TestClass.select" time="32.931" errors="0" timestamp="2022-07-05T22:04:12 IST" skipped="0">
  <testcase classname="TestClass.select" name="sel_deSel" time="32.931"/>
  <system-out/>
</testsuite> <!-- TestClass.select -->
