<?xml version="1.0" encoding="UTF-8"?>
<!-- Generated by org.testng.reporters.JUnitReportReporter -->
<testsuite hostname="DESKTOP-64VRLD2" failures="0" tests="3" name="TestClass.DataProviderTest" time="103.628" errors="0" timestamp="18 Dec 2023 10:39:17 GMT" skipped="0">
  <testcase classname="TestClass.DataProviderTest" name="TestChrome" time="15.375"/>
  <testcase classname="TestClass.DataProviderTest" name="TestChrome" time="22.328"/>
  <testcase classname="TestClass.DataProviderTest" name="TestChrome" time="65.925"/>
</testsuite> <!-- TestClass.DataProviderTest -->
