<?xml version="1.0" encoding="UTF-8"?>
<!-- Generated by org.testng.reporters.JUnitReportReporter -->
<testsuite hostname="DESKTOP-64VRLD2" failures="0" tests="1" name="learn2.madhunew.LaunchBrowser" time="74.585" errors="0" timestamp="2022-07-05T21:18:12 IST" skipped="0">
  <testcase classname="learn2.madhunew.LaunchBrowser" name="main" time="74.585"/>
  <system-out/>
</testsuite> <!-- learn2.madhunew.LaunchBrowser -->
