<?xml version="1.0" encoding="UTF-8"?>
<!-- Generated by org.testng.reporters.JUnitReportReporter -->
<testsuite hostname="DESKTOP-64VRLD2" failures="0" tests="1" name="Utility.ExcelOperations" time="0.732" errors="0" timestamp="23 Jan 2024 10:42:37 GMT" skipped="0">
  <testcase classname="Utility.ExcelOperations" name="getExcelData" time="0.732"/>
</testsuite> <!-- Utility.ExcelOperations -->
